#
# There is insufficient memory for the Java Runtime Environment to continue.
# Native memory allocation (malloc) failed to allocate 1610576 bytes for Chunk::new
# Possible reasons:
#   The system is out of physical RAM or swap space
#   In 32 bit mode, the process size limit was hit
# Possible solutions:
#   Reduce memory load on the system
#   Increase physical memory or swap space
#   Check if swap backing store is full
#   Use 64 bit Java on a 64 bit OS
#   Decrease Java heap size (-Xmx/-Xms)
#   Decrease number of Java threads
#   Decrease Java thread stack sizes (-Xss)
#   Set larger code cache with -XX:ReservedCodeCacheSize=
# This output file may be truncated or incomplete.
#
#  Out of Memory Error (allocation.cpp:390), pid=12584, tid=0x0000000000001864
#
# JRE version: Java(TM) SE Runtime Environment (8.0_111-b14) (build 1.8.0_111-b14)
# Java VM: Java HotSpot(TM) 64-Bit Server VM (25.111-b14 mixed mode windows-amd64 compressed oops)
# Failed to write core dump. Minidumps are not enabled by default on client versions of Windows
#

---------------  T H R E A D  ---------------

Current thread (0x000000001bccf000):  JavaThread "C2 CompilerThread0" daemon [_thread_in_native, id=6244, stack(0x000000001d440000,0x000000001d540000)]

Stack: [0x000000001d440000,0x000000001d540000]
[error occurred during error reporting (printing stack bounds), id 0xc0000005]

Native frames: (J=compiled Java code, j=interpreted, Vv=VM code, C=native code)


Current CompileTask:
C2:  58900  713 %     4       drosa.experimental.basicStrategies.TestMoves::doTestTrading3 @ 148 (1529 bytes)


---------------  P R O C E S S  ---------------

Java Threads: ( => current thread )
  0x000000001d75b000 JavaThread "Service Thread" daemon [_thread_blocked, id=15452, stack(0x000000001db40000,0x000000001dc40000)]
  0x000000001bcdb000 JavaThread "C1 CompilerThread2" daemon [_thread_blocked, id=12252, stack(0x000000001d640000,0x000000001d740000)]
  0x000000001bcd2800 JavaThread "C2 CompilerThread1" daemon [_thread_blocked, id=9612, stack(0x000000001d540000,0x000000001d640000)]
=>0x000000001bccf000 JavaThread "C2 CompilerThread0" daemon [_thread_in_native, id=6244, stack(0x000000001d440000,0x000000001d540000)]
  0x000000001bccb800 JavaThread "Attach Listener" daemon [_thread_blocked, id=2044, stack(0x000000001d340000,0x000000001d440000)]
  0x000000001bcca000 JavaThread "Signal Dispatcher" daemon [_thread_blocked, id=13252, stack(0x000000001d240000,0x000000001d340000)]
  0x000000001bcba800 JavaThread "Finalizer" daemon [_thread_blocked, id=9904, stack(0x000000001cf30000,0x000000001d030000)]
  0x0000000004def800 JavaThread "Reference Handler" daemon [_thread_blocked, id=17324, stack(0x000000001ce30000,0x000000001cf30000)]
  0x0000000004c4d800 JavaThread "main" [_thread_in_Java, id=14692, stack(0x0000000004b10000,0x0000000004c10000)]

Other Threads:
  0x000000001bc97800 VMThread [stack: 0x000000001cd30000,0x000000001ce30000] [id=10168]
  0x000000001d778000 WatcherThread [stack: 0x000000001dc40000,0x000000001dd40000] [id=15392]

VM state:not at safepoint (normal execution)

VM Mutex/Monitor currently owned by a thread: None

Heap:
 PSYoungGen      total 1013248K, used 780308K [0x0000000781800000, 0x00000007c0000000, 0x00000007c0000000)
  eden space 1002496K, 77% used [0x0000000781800000,0x00000007b0ba52f8,0x00000007beb00000)
  from space 10752K, 60% used [0x00000007beb00000,0x00000007bf160000,0x00000007bf580000)
  to   space 10240K, 0% used [0x00000007bf600000,0x00000007bf600000,0x00000007c0000000)
 ParOldGen       total 2048000K, used 325061K [0x0000000704800000, 0x0000000781800000, 0x0000000781800000)
  object space 2048000K, 15% used [0x0000000704800000,0x0000000718571768,0x0000000781800000)
 Metaspace       used 4570K, capacity 5132K, committed 5376K, reserved 1056768K
  class space    used 444K, capacity 500K, committed 512K, reserved 1048576K

Card table byte_map: [0x00000000141c0000,0x00000000147a0000] byte_map_base: 0x000000001099c000

Marking Bits: (ParMarkBitMap*) 0x000000005330a6c0
 Begin Bits: [0x0000000014f90000, 0x0000000017e70000)
 End Bits:   [0x0000000017e70000, 0x000000001ad50000)

Polling page: 0x0000000003300000

CodeCache: size=245760Kb used=4248Kb max_used=5272Kb free=241511Kb
 bounds [0x0000000004e00000, 0x0000000005330000, 0x0000000013e00000]
 total_blobs=852 nmethods=555 adapters=210
 compilation: enabled

Compilation events (10 events):
Event: 57.884 Thread 0x000000001bcdb000 nmethod 708 0x0000000004f6b1d0 code [0x0000000004f6b3a0, 0x0000000004f6b898]
Event: 57.884 Thread 0x000000001bcdb000  709       3       java.util.concurrent.ConcurrentHashMap::get (162 bytes)
Event: 57.884 Thread 0x000000001bcdb000 nmethod 709 0x0000000004f4b510 code [0x0000000004f4b720, 0x0000000004f4c2b8]
Event: 58.375 Thread 0x000000001bcdb000  710  s    1       java.lang.StringBuffer::length (5 bytes)
Event: 58.375 Thread 0x000000001bcdb000 nmethod 710 0x0000000004f8fed0 code [0x0000000004f90020, 0x0000000004f90290]
Event: 58.375 Thread 0x000000001bcdb000  711 %     3       drosa.experimental.basicStrategies.TestMoves::doTestTrading3 @ 148 (1529 bytes)
Event: 58.384 Thread 0x000000001bcdb000 nmethod 711% 0x000000000510b9d0 code [0x000000000510c560, 0x0000000005115b18]
Event: 58.384 Thread 0x000000001bcdb000  712       3       drosa.experimental.basicStrategies.TestMoves::doTestTrading3 (1529 bytes)
Event: 58.393 Thread 0x000000001bcdb000 nmethod 712 0x00000000050f4910 code [0x00000000050f5480, 0x00000000050fdfb8]
Event: 58.394 Thread 0x000000001bccf000  713 %     4       drosa.experimental.basicStrategies.TestMoves::doTestTrading3 @ 148 (1529 bytes)

GC Heap History (10 events):
Event: 18.331 GC heap before
{Heap before GC invocations=55 (full 6):
 PSYoungGen      total 1011712K, used 1005952K [0x0000000781800000, 0x00000007c0000000, 0x00000007c0000000)
  eden space 999424K, 100% used [0x0000000781800000,0x00000007be800000,0x00000007be800000)
  from space 12288K, 53% used [0x00000007bf400000,0x00000007bfa60000,0x00000007c0000000)
  to   space 12288K, 0% used [0x00000007be800000,0x00000007be800000,0x00000007bf400000)
 ParOldGen       total 2048000K, used 292645K [0x0000000704800000, 0x0000000781800000, 0x0000000781800000)
  object space 2048000K, 14% used [0x0000000704800000,0x00000007165c9768,0x0000000781800000)
 Metaspace       used 4059K, capacity 4804K, committed 5120K, reserved 1056768K
  class space    used 419K, capacity 432K, committed 512K, reserved 1048576K
Event: 18.357 GC heap after
Heap after GC invocations=55 (full 6):
 PSYoungGen      total 1011712K, used 6496K [0x0000000781800000, 0x00000007c0000000, 0x00000007c0000000)
  eden space 999424K, 0% used [0x0000000781800000,0x0000000781800000,0x00000007be800000)
  from space 12288K, 52% used [0x00000007be800000,0x00000007bee58000,0x00000007bf400000)
  to   space 11776K, 0% used [0x00000007bf480000,0x00000007bf480000,0x00000007c0000000)
 ParOldGen       total 2048000K, used 299117K [0x0000000704800000, 0x0000000781800000, 0x0000000781800000)
  object space 2048000K, 14% used [0x0000000704800000,0x0000000716c1b768,0x0000000781800000)
 Metaspace       used 4059K, capacity 4804K, committed 5120K, reserved 1056768K
  class space    used 419K, capacity 432K, committed 512K, reserved 1048576K
}
Event: 18.869 GC heap before
{Heap before GC invocations=56 (full 6):
 PSYoungGen      total 1011712K, used 1005920K [0x0000000781800000, 0x00000007c0000000, 0x00000007c0000000)
  eden space 999424K, 100% used [0x0000000781800000,0x00000007be800000,0x00000007be800000)
  from space 12288K, 52% used [0x00000007be800000,0x00000007bee58000,0x00000007bf400000)
  to   space 11776K, 0% used [0x00000007bf480000,0x00000007bf480000,0x00000007c0000000)
 ParOldGen       total 2048000K, used 299117K [0x0000000704800000, 0x0000000781800000, 0x0000000781800000)
  object space 2048000K, 14% used [0x0000000704800000,0x0000000716c1b768,0x0000000781800000)
 Metaspace       used 4059K, capacity 4804K, committed 5120K, reserved 1056768K
  class space    used 419K, capacity 432K, committed 512K, reserved 1048576K
Event: 18.894 GC heap after
Heap after GC invocations=56 (full 6):
 PSYoungGen      total 1012736K, used 6528K [0x0000000781800000, 0x00000007c0000000, 0x00000007c0000000)
  eden space 1000960K, 0% used [0x0000000781800000,0x0000000781800000,0x00000007be980000)
  from space 11776K, 55% used [0x00000007bf480000,0x00000007bfae0000,0x00000007c0000000)
  to   space 11264K, 0% used [0x00000007be980000,0x00000007be980000,0x00000007bf480000)
 ParOldGen       total 2048000K, used 305589K [0x0000000704800000, 0x0000000781800000, 0x0000000781800000)
  object space 2048000K, 14% used [0x0000000704800000,0x000000071726d768,0x0000000781800000)
 Metaspace       used 4059K, capacity 4804K, committed 5120K, reserved 1056768K
  class space    used 419K, capacity 432K, committed 512K, reserved 1048576K
}
Event: 19.396 GC heap before
{Heap before GC invocations=57 (full 6):
 PSYoungGen      total 1012736K, used 1007488K [0x0000000781800000, 0x00000007c0000000, 0x00000007c0000000)
  eden space 1000960K, 100% used [0x0000000781800000,0x00000007be980000,0x00000007be980000)
  from space 11776K, 55% used [0x00000007bf480000,0x00000007bfae0000,0x00000007c0000000)
  to   space 11264K, 0% used [0x00000007be980000,0x00000007be980000,0x00000007bf480000)
 ParOldGen       total 2048000K, used 305589K [0x0000000704800000, 0x0000000781800000, 0x0000000781800000)
  object space 2048000K, 14% used [0x0000000704800000,0x000000071726d768,0x0000000781800000)
 Metaspace       used 4059K, capacity 4804K, committed 5120K, reserved 1056768K
  class space    used 419K, capacity 432K, committed 512K, reserved 1048576K
Event: 19.422 GC heap after
Heap after GC invocations=57 (full 6):
 PSYoungGen      total 1012224K, used 6528K [0x0000000781800000, 0x00000007c0000000, 0x00000007c0000000)
  eden space 1000960K, 0% used [0x0000000781800000,0x0000000781800000,0x00000007be980000)
  from space 11264K, 57% used [0x00000007be980000,0x00000007befe0000,0x00000007bf480000)
  to   space 10752K, 0% used [0x00000007bf580000,0x00000007bf580000,0x00000007c0000000)
 ParOldGen       total 2048000K, used 312069K [0x0000000704800000, 0x0000000781800000, 0x0000000781800000)
  object space 2048000K, 15% used [0x0000000704800000,0x00000007178c1768,0x0000000781800000)
 Metaspace       used 4059K, capacity 4804K, committed 5120K, reserved 1056768K
  class space    used 419K, capacity 432K, committed 512K, reserved 1048576K
}
Event: 19.933 GC heap before
{Heap before GC invocations=58 (full 6):
 PSYoungGen      total 1012224K, used 1007488K [0x0000000781800000, 0x00000007c0000000, 0x00000007c0000000)
  eden space 1000960K, 100% used [0x0000000781800000,0x00000007be980000,0x00000007be980000)
  from space 11264K, 57% used [0x00000007be980000,0x00000007befe0000,0x00000007bf480000)
  to   space 10752K, 0% used [0x00000007bf580000,0x00000007bf580000,0x00000007c0000000)
 ParOldGen       total 2048000K, used 312069K [0x0000000704800000, 0x0000000781800000, 0x0000000781800000)
  object space 2048000K, 15% used [0x0000000704800000,0x00000007178c1768,0x0000000781800000)
 Metaspace       used 4059K, capacity 4804K, committed 5120K, reserved 1056768K
  class space    used 419K, capacity 432K, committed 512K, reserved 1048576K
Event: 19.959 GC heap after
Heap after GC invocations=58 (full 6):
 PSYoungGen      total 1013248K, used 6528K [0x0000000781800000, 0x00000007c0000000, 0x00000007c0000000)
  eden space 1002496K, 0% used [0x0000000781800000,0x0000000781800000,0x00000007beb00000)
  from space 10752K, 60% used [0x00000007bf580000,0x00000007bfbe0000,0x00000007c0000000)
  to   space 10752K, 0% used [0x00000007beb00000,0x00000007beb00000,0x00000007bf580000)
 ParOldGen       total 2048000K, used 318565K [0x0000000704800000, 0x0000000781800000, 0x0000000781800000)
  object space 2048000K, 15% used [0x0000000704800000,0x0000000717f19768,0x0000000781800000)
 Metaspace       used 4059K, capacity 4804K, committed 5120K, reserved 1056768K
  class space    used 419K, capacity 432K, committed 512K, reserved 1048576K
}
Event: 20.462 GC heap before
{Heap before GC invocations=59 (full 6):
 PSYoungGen      total 1013248K, used 1009024K [0x0000000781800000, 0x00000007c0000000, 0x00000007c0000000)
  eden space 1002496K, 100% used [0x0000000781800000,0x00000007beb00000,0x00000007beb00000)
  from space 10752K, 60% used [0x00000007bf580000,0x00000007bfbe0000,0x00000007c0000000)
  to   space 10752K, 0% used [0x00000007beb00000,0x00000007beb00000,0x00000007bf580000)
 ParOldGen       total 2048000K, used 318565K [0x0000000704800000, 0x0000000781800000, 0x0000000781800000)
  object space 2048000K, 15% used [0x0000000704800000,0x0000000717f19768,0x0000000781800000)
 Metaspace       used 4059K, capacity 4804K, committed 5120K, reserved 1056768K
  class space    used 419K, capacity 432K, committed 512K, reserved 1048576K
Event: 20.488 GC heap after
Heap after GC invocations=59 (full 6):
 PSYoungGen      total 1013248K, used 6528K [0x0000000781800000, 0x00000007c0000000, 0x00000007c0000000)
  eden space 1002496K, 0% used [0x0000000781800000,0x0000000781800000,0x00000007beb00000)
  from space 10752K, 60% used [0x00000007beb00000,0x00000007bf160000,0x00000007bf580000)
  to   space 10240K, 0% used [0x00000007bf600000,0x00000007bf600000,0x00000007c0000000)
 ParOldGen       total 2048000K, used 325061K [0x0000000704800000, 0x0000000781800000, 0x0000000781800000)
  object space 2048000K, 15% used [0x0000000704800000,0x0000000718571768,0x0000000781800000)
 Metaspace       used 4059K, capacity 4804K, committed 5120K, reserved 1056768K
  class space    used 419K, capacity 432K, committed 512K, reserved 1048576K
}

Deoptimization events (10 events):
Event: 54.505 Thread 0x0000000004c4d800 Uncommon trap: reason=unstable_if action=reinterpret pc=0x00000000050164e8 method=drosa.experimental.basicStrategies.TestMoves.doTestTrading3(Ljava/util/ArrayList;Ljava/util/ArrayList;IIIIIDDDIIZZZI)V @ 590
Event: 56.654 Thread 0x0000000004c4d800 Uncommon trap: reason=unloaded action=reinterpret pc=0x0000000004fcf1f8 method=drosa.experimental.basicStrategies.TestMoves.doTestTrading3(Ljava/util/ArrayList;Ljava/util/ArrayList;IIIIIDDDIIZZZI)V @ 1355
Event: 56.850 Thread 0x0000000004c4d800 Uncommon trap: reason=unstable_if action=reinterpret pc=0x00000000052e3680 method=java.util.concurrent.ConcurrentHashMap.get(Ljava/lang/Object;)Ljava/lang/Object; @ 39
Event: 56.851 Thread 0x0000000004c4d800 Uncommon trap: reason=bimorphic action=maybe_recompile pc=0x00000000052add04 method=java.util.concurrent.ConcurrentHashMap.get(Ljava/lang/Object;)Ljava/lang/Object; @ 1
Event: 56.851 Thread 0x0000000004c4d800 Uncommon trap: reason=bimorphic action=maybe_recompile pc=0x00000000052add04 method=java.util.concurrent.ConcurrentHashMap.get(Ljava/lang/Object;)Ljava/lang/Object; @ 1
Event: 56.851 Thread 0x0000000004c4d800 Uncommon trap: reason=bimorphic action=maybe_recompile pc=0x00000000052add04 method=java.util.concurrent.ConcurrentHashMap.get(Ljava/lang/Object;)Ljava/lang/Object; @ 1
Event: 56.851 Thread 0x0000000004c4d800 Uncommon trap: reason=bimorphic action=maybe_recompile pc=0x00000000052add04 method=java.util.concurrent.ConcurrentHashMap.get(Ljava/lang/Object;)Ljava/lang/Object; @ 1
Event: 56.851 Thread 0x0000000004c4d800 Uncommon trap: reason=unstable_if action=reinterpret pc=0x000000000507f714 method=java.lang.String.contains(Ljava/lang/CharSequence;)Z @ 11
Event: 57.244 Thread 0x0000000004c4d800 Uncommon trap: reason=unstable_if action=reinterpret pc=0x0000000004f4cabc method=java.lang.String.<init>([CII)V @ 18
Event: 58.374 Thread 0x0000000004c4d800 Uncommon trap: reason=unloaded action=reinterpret pc=0x0000000004fbbed4 method=drosa.experimental.basicStrategies.TestMoves.doTestTrading3(Ljava/util/ArrayList;Ljava/util/ArrayList;IIIIIDDDIIZZZI)V @ 1355

Internal exceptions (8 events):
Event: 0.039 Thread 0x0000000004c4d800 Exception <a 'java/lang/NoSuchMethodError': Method sun.misc.Unsafe.defineClass(Ljava/lang/String;[BII)Ljava/lang/Class; name or signature does not match> (0x0000000781807c78) thrown at [C:\re\workspace\8-2-build-windows-amd64-cygwin\jdk8u111\7883\hotspot\
Event: 0.040 Thread 0x0000000004c4d800 Exception <a 'java/lang/NoSuchMethodError': Method sun.misc.Unsafe.prefetchRead(Ljava/lang/Object;J)V name or signature does not match> (0x0000000781807f60) thrown at [C:\re\workspace\8-2-build-windows-amd64-cygwin\jdk8u111\7883\hotspot\src\share\vm\prims
Event: 0.135 Thread 0x0000000004c4d800 Exception <a 'java/security/PrivilegedActionException'> (0x0000000781887038) thrown at [C:\re\workspace\8-2-build-windows-amd64-cygwin\jdk8u111\7883\hotspot\src\share\vm\prims\jvm.cpp, line 1386]
Event: 0.135 Thread 0x0000000004c4d800 Exception <a 'java/security/PrivilegedActionException'> (0x0000000781887430) thrown at [C:\re\workspace\8-2-build-windows-amd64-cygwin\jdk8u111\7883\hotspot\src\share\vm\prims\jvm.cpp, line 1386]
Event: 0.135 Thread 0x0000000004c4d800 Exception <a 'java/security/PrivilegedActionException'> (0x000000078188b500) thrown at [C:\re\workspace\8-2-build-windows-amd64-cygwin\jdk8u111\7883\hotspot\src\share\vm\prims\jvm.cpp, line 1386]
Event: 0.135 Thread 0x0000000004c4d800 Exception <a 'java/security/PrivilegedActionException'> (0x000000078188b8f8) thrown at [C:\re\workspace\8-2-build-windows-amd64-cygwin\jdk8u111\7883\hotspot\src\share\vm\prims\jvm.cpp, line 1386]
Event: 20.723 Thread 0x0000000004c4d800 Implicit null exception at 0x00000000051c80c0 to 0x00000000051c91f1
Event: 56.850 Thread 0x0000000004c4d800 Implicit null exception at 0x00000000052e33d9 to 0x00000000052e365d

Events (10 events):
Event: 58.599 Thread 0x0000000004c4d800 DEOPT PACKING pc=0x000000000511504c sp=0x0000000004c0ecf0
Event: 58.599 Thread 0x0000000004c4d800 DEOPT UNPACKING pc=0x0000000004e4787f sp=0x0000000004c0ece8 mode 0
Event: 58.607 Thread 0x0000000004c4d800 DEOPT PACKING pc=0x000000000511504c sp=0x0000000004c0ecf0
Event: 58.607 Thread 0x0000000004c4d800 DEOPT UNPACKING pc=0x0000000004e4787f sp=0x0000000004c0ece8 mode 0
Event: 58.631 Thread 0x0000000004c4d800 DEOPT PACKING pc=0x000000000511504c sp=0x0000000004c0ecf0
Event: 58.631 Thread 0x0000000004c4d800 DEOPT UNPACKING pc=0x0000000004e4787f sp=0x0000000004c0ece8 mode 0
Event: 58.634 Thread 0x0000000004c4d800 DEOPT PACKING pc=0x000000000511504c sp=0x0000000004c0ecf0
Event: 58.634 Thread 0x0000000004c4d800 DEOPT UNPACKING pc=0x0000000004e4787f sp=0x0000000004c0ece8 mode 0
Event: 58.668 Thread 0x0000000004c4d800 DEOPT PACKING pc=0x000000000511504c sp=0x0000000004c0ecf0
Event: 58.668 Thread 0x0000000004c4d800 DEOPT UNPACKING pc=0x0000000004e4787f sp=0x0000000004c0ece8 mode 0


Dynamic libraries:
0x00007ff6694a0000 - 0x00007ff6694d7000 	C:\Program Files\Java\jdk1.8.0_111\jre\bin\javaw.exe
0x00007ffe2e2b0000 - 0x00007ffe2e490000 	C:\WINDOWS\SYSTEM32\ntdll.dll
0x00007ffe2d180000 - 0x00007ffe2d22e000 	C:\WINDOWS\System32\KERNEL32.DLL
0x00007ffe2b0c0000 - 0x00007ffe2b326000 	C:\WINDOWS\System32\KERNELBASE.dll
0x00007ffe2b900000 - 0x00007ffe2b9a1000 	C:\WINDOWS\System32\ADVAPI32.dll
0x00007ffe2b790000 - 0x00007ffe2b82d000 	C:\WINDOWS\System32\msvcrt.dll
0x00007ffe2cf90000 - 0x00007ffe2cfeb000 	C:\WINDOWS\System32\sechost.dll
0x00007ffe2d980000 - 0x00007ffe2da9f000 	C:\WINDOWS\System32\RPCRT4.dll
0x00007ffe2cff0000 - 0x00007ffe2d17f000 	C:\WINDOWS\System32\USER32.dll
0x00007ffe2b330000 - 0x00007ffe2b350000 	C:\WINDOWS\System32\win32u.dll
0x00007ffe2cf60000 - 0x00007ffe2cf88000 	C:\WINDOWS\System32\GDI32.dll
0x00007ffe2b450000 - 0x00007ffe2b5e3000 	C:\WINDOWS\System32\gdi32full.dll
0x00007ffe2a880000 - 0x00007ffe2a91b000 	C:\WINDOWS\System32\msvcp_win.dll
0x00007ffe2b350000 - 0x00007ffe2b446000 	C:\WINDOWS\System32\ucrtbase.dll
0x00007ffe0dad0000 - 0x00007ffe0dd39000 	C:\WINDOWS\WinSxS\amd64_microsoft.windows.common-controls_6595b64144ccf1df_6.0.16299.192_none_15c8cdae9364c23b\COMCTL32.dll
0x00007ffe2df70000 - 0x00007ffe2e278000 	C:\WINDOWS\System32\combase.dll
0x00007ffe2b5f0000 - 0x00007ffe2b662000 	C:\WINDOWS\System32\bcryptPrimitives.dll
0x00007ffe2de30000 - 0x00007ffe2de5d000 	C:\WINDOWS\System32\IMM32.DLL
0x0000000053d20000 - 0x0000000053df2000 	C:\Program Files\Java\jdk1.8.0_111\jre\bin\msvcr100.dll
0x0000000052af0000 - 0x000000005338a000 	C:\Program Files\Java\jdk1.8.0_111\jre\bin\server\jvm.dll
0x00007ffe2de00000 - 0x00007ffe2de08000 	C:\WINDOWS\System32\PSAPI.DLL
0x00007ffe1ef50000 - 0x00007ffe1ef5a000 	C:\WINDOWS\SYSTEM32\VERSION.dll
0x00007ffe131f0000 - 0x00007ffe131f9000 	C:\WINDOWS\SYSTEM32\WSOCK32.dll
0x00007ffe27690000 - 0x00007ffe276b3000 	C:\WINDOWS\SYSTEM32\WINMM.dll
0x00007ffe2daa0000 - 0x00007ffe2db0c000 	C:\WINDOWS\System32\WS2_32.dll
0x00007ffe27660000 - 0x00007ffe2768a000 	C:\WINDOWS\SYSTEM32\WINMMBASE.dll
0x00007ffe2b070000 - 0x00007ffe2b0ba000 	C:\WINDOWS\System32\cfgmgr32.dll
0x0000000053d10000 - 0x0000000053d1f000 	C:\Program Files\Java\jdk1.8.0_111\jre\bin\verify.dll
0x0000000053ce0000 - 0x0000000053d09000 	C:\Program Files\Java\jdk1.8.0_111\jre\bin\java.dll
0x0000000053cc0000 - 0x0000000053cd6000 	C:\Program Files\Java\jdk1.8.0_111\jre\bin\zip.dll
0x00007ffe2b9b0000 - 0x00007ffe2cde6000 	C:\WINDOWS\System32\SHELL32.dll
0x00007ffe2cdf0000 - 0x00007ffe2ce96000 	C:\WINDOWS\System32\shcore.dll
0x00007ffe2a920000 - 0x00007ffe2b067000 	C:\WINDOWS\System32\windows.storage.dll
0x00007ffe2d230000 - 0x00007ffe2d281000 	C:\WINDOWS\System32\shlwapi.dll
0x00007ffe2a670000 - 0x00007ffe2a681000 	C:\WINDOWS\System32\kernel.appcore.dll
0x00007ffe2a600000 - 0x00007ffe2a64c000 	C:\WINDOWS\System32\powrprof.dll
0x00007ffe2a690000 - 0x00007ffe2a6ab000 	C:\WINDOWS\System32\profapi.dll

VM Arguments:
jvm_args: -Xmx3000m -Xms3000m -Dfile.encoding=Cp1252 
java_command: drosa.experimental.basicStrategies.TestMoves
java_class_path (initial): C:\Users\PC01\workspace\EncogAdvanced\bin
Launcher Type: SUN_STANDARD

Environment Variables:
PATH=C:/Program Files/Java/jdk1.8.0_66/jre/bin/server;C:/Program Files/Java/jdk1.8.0_66/jre/bin;C:/Program Files/Java/jdk1.8.0_66/jre/lib/amd64;C:\Program Files (x86)\s2a\Firebird_x32_embed;C:\Program Files (x86)\Embarcadero\Studio\17.0\bin;C:\Users\Public\Documents\Embarcadero\Studio\17.0\Bpl;C:\Program Files (x86)\Embarcadero\Studio\17.0\bin64;C:\Users\Public\Documents\Embarcadero\Studio\17.0\Bpl\Win64;C:\ProgramData\Oracle\Java\javapath;C:\Program Files (x86)\Embarcadero\RAD Studio\7.0\bin;C:\Users\Public\Documents\RAD Studio\7.0\Bpl;C:\Program Files (x86)\Intel\iCLS Client\;C:\Program Files\Intel\iCLS Client\;C:\WINDOWS\system32;C:\WINDOWS;C:\WINDOWS\System32\Wbem;C:\Program Files\Java\jdk1.8.0_65\jre\bin;C:\WINDOWS\System32\WindowsPowerShell\v1.0\;C:\Program Files\Intel\Intel(R) Management Engine Components\DAL;C:\Program Files\Intel\Intel(R) Management Engine Components\IPT;C:\Program Files (x86)\Intel\Intel(R) Management Engine Components\DAL;C:\Program Files (x86)\Intel\Intel(R) Management Engine Components\IPT;C:\Program Files\TortoiseSVN\bin;C:\Program Files\VisualSVN Server\bin;C:\Users\PC01\AppData\Local\Microsoft\WindowsApps;;C:\Users\PC01\Desktop;
USERNAME=PC01
OS=Windows_NT
PROCESSOR_IDENTIFIER=Intel64 Family 6 Model 60 Stepping 3, GenuineIntel



---------------  S Y S T E M  ---------------

OS: Windows 10.0 , 64 bit Build 16299 (10.0.16299.15)

CPU:total 4 (2 cores per cpu, 2 threads per core) family 6 model 60 stepping 3, cmov, cx8, fxsr, mmx, sse, sse2, sse3, ssse3, sse4.1, sse4.2, popcnt, avx, avx2, aes, clmul, erms, lzcnt, ht, tsc, tscinvbit, bmi1, bmi2

Memory: 4k page, physical 8270000k(433280k free), swap 21914500k(6064k free)

vm_info: Java HotSpot(TM) 64-Bit Server VM (25.111-b14) for windows-amd64 JRE (1.8.0_111-b14), built on Sep 22 2016 19:24:05 by "java_re" with MS VC++ 10.0 (VS2010)

time: Fri Jan 26 18:27:17 2018
elapsed time: 59 seconds (0d 0h 0m 59s)

